This is pdfTeX, Version 3.141592653-2.6-1.40.25 (TeX Live 2023) (preloaded format=pdflatex 2024.2.1)  1 FEB 2024 09:56
entering extended mode
 restricted \write18 enabled.
 %&-line parsing enabled.
**cogsci.sty
(./cogsci.sty
LaTeX2e <2023-11-01> patch level 1
L3 programming layer <2024-01-22>
Conference Style for COGSCI -- last modified December 31, 2018
\titlebox=\skip48

! LaTeX Error: Environment abstract undefined.

See the LaTeX manual or LaTeX Companion for explanation.
Type  H <return>  for immediate help.
 ...                                              
                                                  
l.166 \renewenvironment{abstract}
                                 
Try typing  <return>  to proceed.
If that doesn't work, type  X <return>  to quit.

)
! Emergency stop.
<*> cogsci.sty
              
*** (job aborted, no legal \end found)

 
Here is how much of TeX's memory you used:
 49 strings out of 476182
 671 string characters out of 5794440
 1922975 words of memory out of 5000000
 22149 multiletter control sequences out of 15000+600000
 558069 words of font info for 36 fonts, out of 8000000 for 9000
 14 hyphenation exceptions out of 8191
 12i,0n,18p,119b,14s stack positions out of 10000i,1000n,20000p,200000b,200000s
!  ==> Fatal error occurred, no output PDF file produced!
